<?xml version="1.0" encoding="UTF-8"?>
<testsuite name="pe.gob.mef.siga.areausuaria.AreausuariaApplicationTests" tests="1" skipped="0" failures="0" errors="0" timestamp="2026-02-06T13:50:28.701Z" hostname="LT-1349" time="1.211">
  <properties/>
  <testcase name="contextLoads()" classname="pe.gob.mef.siga.areausuaria.AreausuariaApplicationTests" time="1.211"/>
  <system-out><![CDATA[08:50:16.863 [Test worker] INFO org.springframework.test.context.support.AnnotationConfigContextLoaderUtils -- Could not detect default configuration classes for test class [pe.gob.mef.siga.areausuaria.AreausuariaApplicationTests]: AreausuariaApplicationTests does not declare any static, non-private, non-final, nested classes annotated with @Configuration.
08:50:18.256 [Test worker] INFO org.springframework.boot.test.context.SpringBootTestContextBootstrapper -- Found @SpringBootConfiguration pe.gob.mef.siga.areausuaria.AreausuariaApplication for test class pe.gob.mef.siga.areausuaria.AreausuariaApplicationTests

  .   ____          _            __ _ _
 /\\ / ___'_ __ _ _(_)_ __  __ _ \ \ \ \
( ( )\___ | '_ | '_| | '_ \/ _` | \ \ \ \
 \\/  ___)| |_)| | | | | || (_| |  ) ) ) )
  '  |____| .__|_| |_|_| |_\__, | / / / /
 =========|_|==============|___/=/_/_/_/

 :: Spring Boot ::               (v3.3.13)

2026-02-06T08:50:20.607-05:00  INFO 18028 --- [areausuaria] [    Test worker] p.g.m.s.a.AreausuariaApplicationTests    : Starting AreausuariaApplicationTests using Java 21.0.5 with PID 18028 (started by gtomas in D:\Guido\PROYECTOS\areausuaria)
2026-02-06T08:50:20.607-05:00  INFO 18028 --- [areausuaria] [    Test worker] p.g.m.s.a.AreausuariaApplicationTests    : No active profile set, falling back to 1 default profile: "default"
2026-02-06T08:50:22.413-05:00  INFO 18028 --- [areausuaria] [    Test worker] .s.d.r.c.RepositoryConfigurationDelegate : Bootstrapping Spring Data JPA repositories in DEFAULT mode.
2026-02-06T08:50:22.508-05:00  INFO 18028 --- [areausuaria] [    Test worker] .s.d.r.c.RepositoryConfigurationDelegate : Finished Spring Data repository scanning in 88 ms. Found 1 JPA repository interface.
2026-02-06T08:50:23.145-05:00  INFO 18028 --- [areausuaria] [    Test worker] o.hibernate.jpa.internal.util.LogHelper  : HHH000204: Processing PersistenceUnitInfo [name: default]
2026-02-06T08:50:23.278-05:00  INFO 18028 --- [areausuaria] [    Test worker] org.hibernate.Version                    : HHH000412: Hibernate ORM core version 6.5.3.Final
2026-02-06T08:50:23.342-05:00  INFO 18028 --- [areausuaria] [    Test worker] o.h.c.internal.RegionFactoryInitiator    : HHH000026: Second-level cache disabled
2026-02-06T08:50:23.837-05:00  INFO 18028 --- [areausuaria] [    Test worker] o.s.o.j.p.SpringPersistenceUnitInfo      : No LoadTimeWeaver setup: ignoring JPA class transformer
2026-02-06T08:50:23.884-05:00  INFO 18028 --- [areausuaria] [    Test worker] com.zaxxer.hikari.HikariDataSource       : HikariPool-1 - Starting...
2026-02-06T08:50:24.575-05:00  INFO 18028 --- [areausuaria] [    Test worker] com.zaxxer.hikari.pool.HikariPool        : HikariPool-1 - Added connection oracle.jdbc.driver.T4CConnection@73b77d07
2026-02-06T08:50:24.579-05:00  INFO 18028 --- [areausuaria] [    Test worker] com.zaxxer.hikari.HikariDataSource       : HikariPool-1 - Start completed.
2026-02-06T08:50:26.284-05:00  INFO 18028 --- [areausuaria] [    Test worker] o.h.e.t.j.p.i.JtaPlatformInitiator       : HHH000489: No JTA platform available (set 'hibernate.transaction.jta.platform' to enable JTA platform integration)
2026-02-06T08:50:26.284-05:00  INFO 18028 --- [areausuaria] [    Test worker] j.LocalContainerEntityManagerFactoryBean : Initialized JPA EntityManagerFactory for persistence unit 'default'
2026-02-06T08:50:26.709-05:00  INFO 18028 --- [areausuaria] [    Test worker] o.s.d.j.r.query.QueryEnhancerFactory     : Hibernate is in classpath; If applicable, HQL parser will be used.
2026-02-06T08:50:28.675-05:00  INFO 18028 --- [areausuaria] [    Test worker] p.g.m.s.a.AreausuariaApplicationTests    : Started AreausuariaApplicationTests in 9.516 seconds (process running for 20.688)
]]></system-out>
  <system-err><![CDATA[WARNING: A Java agent has been loaded dynamically (C:\Users\gtomas\.gradle\caches\modules-2\files-2.1\net.bytebuddy\byte-buddy-agent\1.14.19\154da3a65b4f4a909d3e5bdec55d1b2b4cbb6ce1\byte-buddy-agent-1.14.19.jar)
WARNING: If a serviceability tool is in use, please run with -XX:+EnableDynamicAgentLoading to hide this warning
WARNING: If a serviceability tool is not in use, please run with -Djdk.instrument.traceUsage for more information
WARNING: Dynamic loading of agents will be disallowed by default in a future release
]]></system-err>
</testsuite>
